ARM GAS  /tmp/ccfVWZa7.s 			page 1


   1              		.cpu cortex-m4
   2              		.eabi_attribute 27, 1
   3              		.eabi_attribute 28, 1
   4              		.eabi_attribute 20, 1
   5              		.eabi_attribute 21, 1
   6              		.eabi_attribute 23, 3
   7              		.eabi_attribute 24, 1
   8              		.eabi_attribute 25, 1
   9              		.eabi_attribute 26, 1
  10              		.eabi_attribute 30, 1
  11              		.eabi_attribute 34, 1
  12              		.eabi_attribute 18, 4
  13              		.file	"gpio.c"
  14              		.text
  15              	.Ltext0:
  16              		.cfi_sections	.debug_frame
  17              		.section	.text.MX_GPIO_Init,"ax",%progbits
  18              		.align	1
  19              		.global	MX_GPIO_Init
  20              		.syntax unified
  21              		.thumb
  22              		.thumb_func
  23              		.fpu fpv4-sp-d16
  25              	MX_GPIO_Init:
  26              	.LFB126:
  27              		.file 1 "Src/gpio.c"
   1:Src/gpio.c    **** /**
   2:Src/gpio.c    ****   ******************************************************************************
   3:Src/gpio.c    ****   * File Name          : gpio.c
   4:Src/gpio.c    ****   * Description        : This file provides code for the configuration
   5:Src/gpio.c    ****   *                      of all used GPIO pins.
   6:Src/gpio.c    ****   ******************************************************************************
   7:Src/gpio.c    ****   * This notice applies to any and all portions of this file
   8:Src/gpio.c    ****   * that are not between comment pairs USER CODE BEGIN and
   9:Src/gpio.c    ****   * USER CODE END. Other portions of this file, whether 
  10:Src/gpio.c    ****   * inserted by the user or by software development tools
  11:Src/gpio.c    ****   * are owned by their respective copyright owners.
  12:Src/gpio.c    ****   *
  13:Src/gpio.c    ****   * Copyright (c) 2018 STMicroelectronics International N.V. 
  14:Src/gpio.c    ****   * All rights reserved.
  15:Src/gpio.c    ****   *
  16:Src/gpio.c    ****   * Redistribution and use in source and binary forms, with or without 
  17:Src/gpio.c    ****   * modification, are permitted, provided that the following conditions are met:
  18:Src/gpio.c    ****   *
  19:Src/gpio.c    ****   * 1. Redistribution of source code must retain the above copyright notice, 
  20:Src/gpio.c    ****   *    this list of conditions and the following disclaimer.
  21:Src/gpio.c    ****   * 2. Redistributions in binary form must reproduce the above copyright notice,
  22:Src/gpio.c    ****   *    this list of conditions and the following disclaimer in the documentation
  23:Src/gpio.c    ****   *    and/or other materials provided with the distribution.
  24:Src/gpio.c    ****   * 3. Neither the name of STMicroelectronics nor the names of other 
  25:Src/gpio.c    ****   *    contributors to this software may be used to endorse or promote products 
  26:Src/gpio.c    ****   *    derived from this software without specific written permission.
  27:Src/gpio.c    ****   * 4. This software, including modifications and/or derivative works of this 
  28:Src/gpio.c    ****   *    software, must execute solely and exclusively on microcontroller or
  29:Src/gpio.c    ****   *    microprocessor devices manufactured by or for STMicroelectronics.
  30:Src/gpio.c    ****   * 5. Redistribution and use of this software other than as permitted under 
  31:Src/gpio.c    ****   *    this license is void and will automatically terminate your rights under 
ARM GAS  /tmp/ccfVWZa7.s 			page 2


  32:Src/gpio.c    ****   *    this license. 
  33:Src/gpio.c    ****   *
  34:Src/gpio.c    ****   * THIS SOFTWARE IS PROVIDED BY STMICROELECTRONICS AND CONTRIBUTORS "AS IS" 
  35:Src/gpio.c    ****   * AND ANY EXPRESS, IMPLIED OR STATUTORY WARRANTIES, INCLUDING, BUT NOT 
  36:Src/gpio.c    ****   * LIMITED TO, THE IMPLIED WARRANTIES OF MERCHANTABILITY, FITNESS FOR A 
  37:Src/gpio.c    ****   * PARTICULAR PURPOSE AND NON-INFRINGEMENT OF THIRD PARTY INTELLECTUAL PROPERTY
  38:Src/gpio.c    ****   * RIGHTS ARE DISCLAIMED TO THE FULLEST EXTENT PERMITTED BY LAW. IN NO EVENT 
  39:Src/gpio.c    ****   * SHALL STMICROELECTRONICS OR CONTRIBUTORS BE LIABLE FOR ANY DIRECT, INDIRECT,
  40:Src/gpio.c    ****   * INCIDENTAL, SPECIAL, EXEMPLARY, OR CONSEQUENTIAL DAMAGES (INCLUDING, BUT NOT
  41:Src/gpio.c    ****   * LIMITED TO, PROCUREMENT OF SUBSTITUTE GOODS OR SERVICES; LOSS OF USE, DATA, 
  42:Src/gpio.c    ****   * OR PROFITS; OR BUSINESS INTERRUPTION) HOWEVER CAUSED AND ON ANY THEORY OF 
  43:Src/gpio.c    ****   * LIABILITY, WHETHER IN CONTRACT, STRICT LIABILITY, OR TORT (INCLUDING 
  44:Src/gpio.c    ****   * NEGLIGENCE OR OTHERWISE) ARISING IN ANY WAY OUT OF THE USE OF THIS SOFTWARE,
  45:Src/gpio.c    ****   * EVEN IF ADVISED OF THE POSSIBILITY OF SUCH DAMAGE.
  46:Src/gpio.c    ****   *
  47:Src/gpio.c    ****   ******************************************************************************
  48:Src/gpio.c    ****   */
  49:Src/gpio.c    **** 
  50:Src/gpio.c    **** /* Includes ------------------------------------------------------------------*/
  51:Src/gpio.c    **** #include "gpio.h"
  52:Src/gpio.c    **** /* USER CODE BEGIN 0 */
  53:Src/gpio.c    **** 
  54:Src/gpio.c    **** /* USER CODE END 0 */
  55:Src/gpio.c    **** 
  56:Src/gpio.c    **** /*----------------------------------------------------------------------------*/
  57:Src/gpio.c    **** /* Configure GPIO                                                             */
  58:Src/gpio.c    **** /*----------------------------------------------------------------------------*/
  59:Src/gpio.c    **** /* USER CODE BEGIN 1 */
  60:Src/gpio.c    **** 
  61:Src/gpio.c    **** /* USER CODE END 1 */
  62:Src/gpio.c    **** 
  63:Src/gpio.c    **** /** Configure pins as 
  64:Src/gpio.c    ****         * Analog 
  65:Src/gpio.c    ****         * Input 
  66:Src/gpio.c    ****         * Output
  67:Src/gpio.c    ****         * EVENT_OUT
  68:Src/gpio.c    ****         * EXTI
  69:Src/gpio.c    ****         * Free pins are configured automatically as Analog (this feature is enabled through 
  70:Src/gpio.c    ****         * the Code Generation settings)
  71:Src/gpio.c    **** */
  72:Src/gpio.c    **** void MX_GPIO_Init(void)
  73:Src/gpio.c    **** {
  28              		.loc 1 73 0
  29              		.cfi_startproc
  30              		@ args = 0, pretend = 0, frame = 40
  31              		@ frame_needed = 0, uses_anonymous_args = 0
  32 0000 70B5     		push	{r4, r5, r6, lr}
  33              	.LCFI0:
  34              		.cfi_def_cfa_offset 16
  35              		.cfi_offset 4, -16
  36              		.cfi_offset 5, -12
  37              		.cfi_offset 6, -8
  38              		.cfi_offset 14, -4
  39 0002 8AB0     		sub	sp, sp, #40
  40              	.LCFI1:
  41              		.cfi_def_cfa_offset 56
  42              	.LBB2:
ARM GAS  /tmp/ccfVWZa7.s 			page 3


  74:Src/gpio.c    **** 
  75:Src/gpio.c    ****   GPIO_InitTypeDef GPIO_InitStruct;
  76:Src/gpio.c    **** 
  77:Src/gpio.c    ****   /* GPIO Ports Clock Enable */
  78:Src/gpio.c    ****   __HAL_RCC_GPIOC_CLK_ENABLE();
  43              		.loc 1 78 0
  44 0004 0024     		movs	r4, #0
  45 0006 0094     		str	r4, [sp]
  46 0008 2A4B     		ldr	r3, .L3
  47 000a 1A6B     		ldr	r2, [r3, #48]
  48 000c 42F00402 		orr	r2, r2, #4
  49 0010 1A63     		str	r2, [r3, #48]
  50 0012 1A6B     		ldr	r2, [r3, #48]
  51 0014 02F00402 		and	r2, r2, #4
  52 0018 0092     		str	r2, [sp]
  53 001a 009A     		ldr	r2, [sp]
  54              	.LBE2:
  55              	.LBB3:
  79:Src/gpio.c    ****   __HAL_RCC_GPIOH_CLK_ENABLE();
  56              		.loc 1 79 0
  57 001c 0194     		str	r4, [sp, #4]
  58 001e 1A6B     		ldr	r2, [r3, #48]
  59 0020 42F08002 		orr	r2, r2, #128
  60 0024 1A63     		str	r2, [r3, #48]
  61 0026 1A6B     		ldr	r2, [r3, #48]
  62 0028 02F08002 		and	r2, r2, #128
  63 002c 0192     		str	r2, [sp, #4]
  64 002e 019A     		ldr	r2, [sp, #4]
  65              	.LBE3:
  66              	.LBB4:
  80:Src/gpio.c    ****   __HAL_RCC_GPIOA_CLK_ENABLE();
  67              		.loc 1 80 0
  68 0030 0294     		str	r4, [sp, #8]
  69 0032 1A6B     		ldr	r2, [r3, #48]
  70 0034 42F00102 		orr	r2, r2, #1
  71 0038 1A63     		str	r2, [r3, #48]
  72 003a 1A6B     		ldr	r2, [r3, #48]
  73 003c 02F00102 		and	r2, r2, #1
  74 0040 0292     		str	r2, [sp, #8]
  75 0042 029A     		ldr	r2, [sp, #8]
  76              	.LBE4:
  77              	.LBB5:
  81:Src/gpio.c    ****   __HAL_RCC_GPIOB_CLK_ENABLE();
  78              		.loc 1 81 0
  79 0044 0394     		str	r4, [sp, #12]
  80 0046 1A6B     		ldr	r2, [r3, #48]
  81 0048 42F00202 		orr	r2, r2, #2
  82 004c 1A63     		str	r2, [r3, #48]
  83 004e 1A6B     		ldr	r2, [r3, #48]
  84 0050 02F00202 		and	r2, r2, #2
  85 0054 0392     		str	r2, [sp, #12]
  86 0056 039A     		ldr	r2, [sp, #12]
  87              	.LBE5:
  88              	.LBB6:
  82:Src/gpio.c    ****   __HAL_RCC_GPIOD_CLK_ENABLE();
  89              		.loc 1 82 0
  90 0058 0494     		str	r4, [sp, #16]
ARM GAS  /tmp/ccfVWZa7.s 			page 4


  91 005a 1A6B     		ldr	r2, [r3, #48]
  92 005c 42F00802 		orr	r2, r2, #8
  93 0060 1A63     		str	r2, [r3, #48]
  94 0062 1B6B     		ldr	r3, [r3, #48]
  95 0064 03F00803 		and	r3, r3, #8
  96 0068 0493     		str	r3, [sp, #16]
  97 006a 049B     		ldr	r3, [sp, #16]
  98              	.LBE6:
  83:Src/gpio.c    **** 
  84:Src/gpio.c    ****   /*Configure GPIO pins : PC13 PC14 PC15 PC0 
  85:Src/gpio.c    ****                            PC1 PC2 PC3 PC4 
  86:Src/gpio.c    ****                            PC5 PC6 PC7 PC8 
  87:Src/gpio.c    ****                            PC9 PC10 PC11 PC12 */
  88:Src/gpio.c    ****   GPIO_InitStruct.Pin = GPIO_PIN_13|GPIO_PIN_14|GPIO_PIN_15|GPIO_PIN_0 
  99              		.loc 1 88 0
 100 006c 4FF6FF76 		movw	r6, #65535
 101 0070 0596     		str	r6, [sp, #20]
  89:Src/gpio.c    ****                           |GPIO_PIN_1|GPIO_PIN_2|GPIO_PIN_3|GPIO_PIN_4 
  90:Src/gpio.c    ****                           |GPIO_PIN_5|GPIO_PIN_6|GPIO_PIN_7|GPIO_PIN_8 
  91:Src/gpio.c    ****                           |GPIO_PIN_9|GPIO_PIN_10|GPIO_PIN_11|GPIO_PIN_12;
  92:Src/gpio.c    ****   GPIO_InitStruct.Mode = GPIO_MODE_ANALOG;
 102              		.loc 1 92 0
 103 0072 0325     		movs	r5, #3
 104 0074 0695     		str	r5, [sp, #24]
  93:Src/gpio.c    ****   GPIO_InitStruct.Pull = GPIO_NOPULL;
 105              		.loc 1 93 0
 106 0076 0794     		str	r4, [sp, #28]
  94:Src/gpio.c    ****   HAL_GPIO_Init(GPIOC, &GPIO_InitStruct);
 107              		.loc 1 94 0
 108 0078 05A9     		add	r1, sp, #20
 109 007a 0F48     		ldr	r0, .L3+4
 110 007c FFF7FEFF 		bl	HAL_GPIO_Init
 111              	.LVL0:
  95:Src/gpio.c    **** 
  96:Src/gpio.c    ****   /*Configure GPIO pins : PA0 PA1 PA2 PA3 
  97:Src/gpio.c    ****                            PA4 PA5 PA6 PA7 
  98:Src/gpio.c    ****                            PA8 PA9 PA10 PA11 
  99:Src/gpio.c    ****                            PA12 PA15 */
 100:Src/gpio.c    ****   GPIO_InitStruct.Pin = GPIO_PIN_0|GPIO_PIN_1|GPIO_PIN_2|GPIO_PIN_3 
 112              		.loc 1 100 0
 113 0080 49F6FF73 		movw	r3, #40959
 114 0084 0593     		str	r3, [sp, #20]
 101:Src/gpio.c    ****                           |GPIO_PIN_4|GPIO_PIN_5|GPIO_PIN_6|GPIO_PIN_7 
 102:Src/gpio.c    ****                           |GPIO_PIN_8|GPIO_PIN_9|GPIO_PIN_10|GPIO_PIN_11 
 103:Src/gpio.c    ****                           |GPIO_PIN_12|GPIO_PIN_15;
 104:Src/gpio.c    ****   GPIO_InitStruct.Mode = GPIO_MODE_ANALOG;
 115              		.loc 1 104 0
 116 0086 0695     		str	r5, [sp, #24]
 105:Src/gpio.c    ****   GPIO_InitStruct.Pull = GPIO_NOPULL;
 117              		.loc 1 105 0
 118 0088 0794     		str	r4, [sp, #28]
 106:Src/gpio.c    ****   HAL_GPIO_Init(GPIOA, &GPIO_InitStruct);
 119              		.loc 1 106 0
 120 008a 05A9     		add	r1, sp, #20
 121 008c 0B48     		ldr	r0, .L3+8
 122 008e FFF7FEFF 		bl	HAL_GPIO_Init
 123              	.LVL1:
ARM GAS  /tmp/ccfVWZa7.s 			page 5


 107:Src/gpio.c    **** 
 108:Src/gpio.c    ****   /*Configure GPIO pins : PB0 PB1 PB2 PB10 
 109:Src/gpio.c    ****                            PB11 PB12 PB13 PB14 
 110:Src/gpio.c    ****                            PB15 PB3 PB4 PB5 
 111:Src/gpio.c    ****                            PB6 PB7 PB8 PB9 */
 112:Src/gpio.c    ****   GPIO_InitStruct.Pin = GPIO_PIN_0|GPIO_PIN_1|GPIO_PIN_2|GPIO_PIN_10 
 124              		.loc 1 112 0
 125 0092 0596     		str	r6, [sp, #20]
 113:Src/gpio.c    ****                           |GPIO_PIN_11|GPIO_PIN_12|GPIO_PIN_13|GPIO_PIN_14 
 114:Src/gpio.c    ****                           |GPIO_PIN_15|GPIO_PIN_3|GPIO_PIN_4|GPIO_PIN_5 
 115:Src/gpio.c    ****                           |GPIO_PIN_6|GPIO_PIN_7|GPIO_PIN_8|GPIO_PIN_9;
 116:Src/gpio.c    ****   GPIO_InitStruct.Mode = GPIO_MODE_ANALOG;
 126              		.loc 1 116 0
 127 0094 0695     		str	r5, [sp, #24]
 117:Src/gpio.c    ****   GPIO_InitStruct.Pull = GPIO_NOPULL;
 128              		.loc 1 117 0
 129 0096 0794     		str	r4, [sp, #28]
 118:Src/gpio.c    ****   HAL_GPIO_Init(GPIOB, &GPIO_InitStruct);
 130              		.loc 1 118 0
 131 0098 05A9     		add	r1, sp, #20
 132 009a 0948     		ldr	r0, .L3+12
 133 009c FFF7FEFF 		bl	HAL_GPIO_Init
 134              	.LVL2:
 119:Src/gpio.c    **** 
 120:Src/gpio.c    ****   /*Configure GPIO pin : PD2 */
 121:Src/gpio.c    ****   GPIO_InitStruct.Pin = GPIO_PIN_2;
 135              		.loc 1 121 0
 136 00a0 0423     		movs	r3, #4
 137 00a2 0593     		str	r3, [sp, #20]
 122:Src/gpio.c    ****   GPIO_InitStruct.Mode = GPIO_MODE_ANALOG;
 138              		.loc 1 122 0
 139 00a4 0695     		str	r5, [sp, #24]
 123:Src/gpio.c    ****   GPIO_InitStruct.Pull = GPIO_NOPULL;
 140              		.loc 1 123 0
 141 00a6 0794     		str	r4, [sp, #28]
 124:Src/gpio.c    ****   HAL_GPIO_Init(GPIOD, &GPIO_InitStruct);
 142              		.loc 1 124 0
 143 00a8 05A9     		add	r1, sp, #20
 144 00aa 0648     		ldr	r0, .L3+16
 145 00ac FFF7FEFF 		bl	HAL_GPIO_Init
 146              	.LVL3:
 125:Src/gpio.c    **** 
 126:Src/gpio.c    **** }
 147              		.loc 1 126 0
 148 00b0 0AB0     		add	sp, sp, #40
 149              	.LCFI2:
 150              		.cfi_def_cfa_offset 16
 151              		@ sp needed
 152 00b2 70BD     		pop	{r4, r5, r6, pc}
 153              	.L4:
 154              		.align	2
 155              	.L3:
 156 00b4 00380240 		.word	1073887232
 157 00b8 00080240 		.word	1073874944
 158 00bc 00000240 		.word	1073872896
 159 00c0 00040240 		.word	1073873920
 160 00c4 000C0240 		.word	1073875968
ARM GAS  /tmp/ccfVWZa7.s 			page 6


 161              		.cfi_endproc
 162              	.LFE126:
 164              		.text
 165              	.Letext0:
 166              		.file 2 "/home/droid/gcc-arm-none-eabi-7-2018-q2-update/arm-none-eabi/include/machine/_default_typ
 167              		.file 3 "/home/droid/gcc-arm-none-eabi-7-2018-q2-update/arm-none-eabi/include/sys/_stdint.h"
 168              		.file 4 "Drivers/CMSIS/Include/core_cm4.h"
 169              		.file 5 "Drivers/CMSIS/Device/ST/STM32F4xx/Include/system_stm32f4xx.h"
 170              		.file 6 "Drivers/CMSIS/Device/ST/STM32F4xx/Include/stm32f405xx.h"
 171              		.file 7 "/home/droid/gcc-arm-none-eabi-7-2018-q2-update/arm-none-eabi/include/sys/lock.h"
 172              		.file 8 "/home/droid/gcc-arm-none-eabi-7-2018-q2-update/arm-none-eabi/include/sys/_types.h"
 173              		.file 9 "/home/droid/gcc-arm-none-eabi-7-2018-q2-update/lib/gcc/arm-none-eabi/7.3.1/include/stddef
 174              		.file 10 "/home/droid/gcc-arm-none-eabi-7-2018-q2-update/arm-none-eabi/include/sys/reent.h"
 175              		.file 11 "Drivers/STM32F4xx_HAL_Driver/Inc/stm32f4xx_hal_gpio.h"
ARM GAS  /tmp/ccfVWZa7.s 			page 7


DEFINED SYMBOLS
                            *ABS*:0000000000000000 gpio.c
     /tmp/ccfVWZa7.s:18     .text.MX_GPIO_Init:0000000000000000 $t
     /tmp/ccfVWZa7.s:25     .text.MX_GPIO_Init:0000000000000000 MX_GPIO_Init
     /tmp/ccfVWZa7.s:156    .text.MX_GPIO_Init:00000000000000b4 $d

UNDEFINED SYMBOLS
HAL_GPIO_Init
